<?xml version="1.0" encoding="UTF-8"?>
<!-- Generated by org.testng.reporters.JUnitReportReporter -->
<testsuite hostname="WKWZTxhyc6cqoSc" failures="0" tests="1" name="Selenium4.TestAllDriversTesting" time="22.335" errors="0" timestamp="2024-07-15T10:44:35 IST" skipped="0">
  <testcase classname="Selenium4.TestAllDriversTesting" name="sample" time="22.335"/>
</testsuite> <!-- Selenium4.TestAllDriversTesting -->
